9:54:40 AM  [main] 	Initializing Control Panel
9:54:40 AM  [main] 	Windows Version:  Education  64-bit
9:54:40 AM  [main] 	XAMPP Version: 7.2.1
9:54:40 AM  [main] 	Control Panel Version: 3.2.2  [ Compiled: Nov 12th 2015 ]
9:54:40 AM  [main] 	You are not running with administrator rights! This will work for
9:54:40 AM  [main] 	most application stuff but whenever you do something with services
9:54:40 AM  [main] 	there will be a security dialogue or things will break! So think 
9:54:40 AM  [main] 	about running this application with administrator rights!
9:54:40 AM  [main] 	XAMPP Installation Directory: "d:\xampp\"
9:54:40 AM  [main] 	Checking for prerequisites
9:54:41 AM  [main] 	All prerequisites found
9:54:41 AM  [main] 	Initializing Modules
9:54:41 AM  [Apache] 	Problem detected!
9:54:41 AM  [Apache] 	Port 80 in use by "Unable to open process" with PID 4!
9:54:41 AM  [Apache] 	Apache WILL NOT start without the configured ports free!
9:54:41 AM  [Apache] 	You need to uninstall/disable/reconfigure the blocking application
9:54:41 AM  [Apache] 	or reconfigure Apache and the Control Panel to listen on a different port
9:54:41 AM  [main] 	The FileZilla module is disabled
9:54:41 AM  [main] 	The Mercury module is disabled
9:54:41 AM  [main] 	Starting Check-Timer
9:54:41 AM  [main] 	Control Panel Ready
9:54:50 AM  [Apache] 	Problem detected!
9:54:50 AM  [Apache] 	Port 80 in use by "Unable to open process" with PID 4!
9:54:50 AM  [Apache] 	Apache WILL NOT start without the configured ports free!
9:54:50 AM  [Apache] 	You need to uninstall/disable/reconfigure the blocking application
9:54:50 AM  [Apache] 	or reconfigure Apache and the Control Panel to listen on a different port
9:54:50 AM  [Apache] 	Attempting to start Apache app...
9:54:50 AM  [Apache] 	Status change detected: running
9:55:00 AM  [mysql] 	Attempting to start MySQL app...
9:55:01 AM  [mysql] 	Status change detected: running
10:07:57 AM  [Apache] 	Attempting to stop Apache (PID: 11160)
10:07:57 AM  [Apache] 	Attempting to stop Apache (PID: 11216)
10:07:57 AM  [Apache] 	Status change detected: stopped
10:07:57 AM  [mysql] 	Attempting to stop MySQL app...
10:07:59 AM  [mysql] 	Status change detected: stopped
10:08:20 AM  [main] 	Deinitializing Modules
10:08:20 AM  [main] 	Deinitializing Control Panel

10:40:01 AM  [main] 	Initializing Control Panel
10:40:01 AM  [main] 	Windows Version: Windows 7 Enterprise SP1 64-bit
10:40:01 AM  [main] 	XAMPP Version: 7.2.1
10:40:01 AM  [main] 	Control Panel Version: 3.2.2  [ Compiled: Nov 12th 2015 ]
10:40:01 AM  [main] 	You are not running with administrator rights! This will work for
10:40:01 AM  [main] 	most application stuff but whenever you do something with services
10:40:01 AM  [main] 	there will be a security dialogue or things will break! So think 
10:40:01 AM  [main] 	about running this application with administrator rights!
10:40:01 AM  [main] 	XAMPP Installation Directory: "e:\xampp\"
10:40:01 AM  [main] 	Checking for prerequisites
10:40:02 AM  [main] 	All prerequisites found
10:40:02 AM  [main] 	Initializing Modules
10:40:03 AM  [main] 	The FileZilla module is disabled
10:40:03 AM  [main] 	The Mercury module is disabled
10:40:03 AM  [main] 	Starting Check-Timer
10:40:03 AM  [main] 	Control Panel Ready
10:40:07 AM  [main] 	Deinitializing Modules
10:40:07 AM  [main] 	Deinitializing Control Panel

11:02:50 AM  [main] 	Initializing Control Panel
11:02:50 AM  [main] 	Windows Version: Windows 7 Enterprise SP1 64-bit
11:02:50 AM  [main] 	XAMPP Version: 7.2.1
11:02:50 AM  [main] 	Control Panel Version: 3.2.2  [ Compiled: Nov 12th 2015 ]
11:02:50 AM  [main] 	You are not running with administrator rights! This will work for
11:02:50 AM  [main] 	most application stuff but whenever you do something with services
11:02:50 AM  [main] 	there will be a security dialogue or things will break! So think 
11:02:50 AM  [main] 	about running this application with administrator rights!
11:02:50 AM  [main] 	XAMPP Installation Directory: "e:\xampp\"
11:02:50 AM  [main] 	Checking for prerequisites
11:02:51 AM  [main] 	All prerequisites found
11:02:51 AM  [main] 	Initializing Modules
11:02:51 AM  [main] 	The FileZilla module is disabled
11:02:51 AM  [main] 	The Mercury module is disabled
11:02:51 AM  [main] 	Starting Check-Timer
11:02:51 AM  [main] 	Control Panel Ready
11:03:13 AM  [main] 	Deinitializing Modules
11:03:13 AM  [main] 	Deinitializing Control Panel

10:33:59 AM  [main] 	Initializing Control Panel
10:33:59 AM  [main] 	Windows Version: Windows 7 Enterprise SP1 64-bit
10:33:59 AM  [main] 	XAMPP Version: 7.2.1
10:33:59 AM  [main] 	Control Panel Version: 3.2.2  [ Compiled: Nov 12th 2015 ]
10:33:59 AM  [main] 	You are not running with administrator rights! This will work for
10:33:59 AM  [main] 	most application stuff but whenever you do something with services
10:33:59 AM  [main] 	there will be a security dialogue or things will break! So think 
10:33:59 AM  [main] 	about running this application with administrator rights!
10:33:59 AM  [main] 	XAMPP Installation Directory: "e:\xampp\"
10:33:59 AM  [main] 	Checking for prerequisites
10:33:59 AM  [main] 	All prerequisites found
10:33:59 AM  [main] 	Initializing Modules
10:33:59 AM  [main] 	The FileZilla module is disabled
10:33:59 AM  [main] 	The Mercury module is disabled
10:33:59 AM  [main] 	Starting Check-Timer
10:33:59 AM  [main] 	Control Panel Ready
10:40:15 AM  [Apache] 	Status change detected: running
10:40:19 AM  [mysql] 	Status change detected: running
10:48:50 AM  [Apache] 	Status change detected: stopped
10:48:50 AM  [Apache] 	Error: Apache shutdown unexpectedly.
10:48:50 AM  [Apache] 	This may be due to a blocked port, missing dependencies, 
10:48:50 AM  [Apache] 	improper privileges, a crash, or a shutdown by another method.
10:48:50 AM  [Apache] 	Press the Logs button to view error logs and check
10:48:50 AM  [Apache] 	the Windows Event Viewer for more clues
10:48:50 AM  [Apache] 	If you need more help, copy and post this
10:48:50 AM  [Apache] 	entire log window on the forums
10:48:51 AM  [mysql] 	Status change detected: stopped
10:48:51 AM  [mysql] 	Error: MySQL shutdown unexpectedly.
10:48:51 AM  [mysql] 	This may be due to a blocked port, missing dependencies, 
10:48:51 AM  [mysql] 	improper privileges, a crash, or a shutdown by another method.
10:48:51 AM  [mysql] 	Press the Logs button to view error logs and check
10:48:51 AM  [mysql] 	the Windows Event Viewer for more clues
10:48:51 AM  [mysql] 	If you need more help, copy and post this
10:48:51 AM  [mysql] 	entire log window on the forums
11:09:02 AM  [main] 	Deinitializing Modules
11:09:02 AM  [main] 	Deinitializing Control Panel

10:13:39 AM  [main] 	Initializing Control Panel
10:13:39 AM  [main] 	Windows Version: Windows 7 Enterprise SP1 64-bit
10:13:39 AM  [main] 	XAMPP Version: 7.2.1
10:13:39 AM  [main] 	Control Panel Version: 3.2.2  [ Compiled: Nov 12th 2015 ]
10:13:39 AM  [main] 	You are not running with administrator rights! This will work for
10:13:39 AM  [main] 	most application stuff but whenever you do something with services
10:13:39 AM  [main] 	there will be a security dialogue or things will break! So think 
10:13:39 AM  [main] 	about running this application with administrator rights!
10:13:39 AM  [main] 	XAMPP Installation Directory: "e:\xampp\"
10:13:39 AM  [main] 	Checking for prerequisites
10:13:42 AM  [main] 	All prerequisites found
10:13:42 AM  [main] 	Initializing Modules
10:13:42 AM  [main] 	The FileZilla module is disabled
10:13:42 AM  [main] 	The Mercury module is disabled
10:13:42 AM  [main] 	Starting Check-Timer
10:13:42 AM  [main] 	Control Panel Ready
10:14:50 AM  [Apache] 	Attempting to start Apache app...
10:14:50 AM  [Apache] 	Status change detected: running
10:15:02 AM  [mysql] 	Attempting to start MySQL app...
10:15:07 AM  [mysql] 	Status change detected: running
10:15:50 AM  [Apache] 	Attempting to stop Apache (PID: 9772)
10:15:50 AM  [Apache] 	Attempting to stop Apache (PID: 12096)
10:15:51 AM  [Apache] 	Status change detected: stopped
10:15:51 AM  [mysql] 	Attempting to stop MySQL app...
10:15:53 AM  [mysql] 	Status change detected: stopped
10:16:05 AM  [main] 	Executing "services.msc"
10:40:15 AM  [Apache] 	Status change detected: running
10:40:19 AM  [mysql] 	Status change detected: running
10:48:50 AM  [Apache] 	Status change detected: stopped
10:48:51 AM  [mysql] 	Status change detected: stopped
11:09:03 AM  [main] 	Deinitializing Modules
11:09:03 AM  [main] 	Deinitializing Control Panel

10:40:12 AM  [main] 	Initializing Control Panel
10:40:12 AM  [main] 	Windows Version: Windows 7 Enterprise SP1 64-bit
10:40:12 AM  [main] 	XAMPP Version: 7.2.1
10:40:12 AM  [main] 	Control Panel Version: 3.2.2  [ Compiled: Nov 12th 2015 ]
10:40:12 AM  [main] 	You are not running with administrator rights! This will work for
10:40:12 AM  [main] 	most application stuff but whenever you do something with services
10:40:12 AM  [main] 	there will be a security dialogue or things will break! So think 
10:40:12 AM  [main] 	about running this application with administrator rights!
10:40:12 AM  [main] 	XAMPP Installation Directory: "e:\xampp\"
10:40:12 AM  [main] 	Checking for prerequisites
10:40:12 AM  [main] 	All prerequisites found
10:40:12 AM  [main] 	Initializing Modules
10:40:12 AM  [main] 	The FileZilla module is disabled
10:40:12 AM  [main] 	The Mercury module is disabled
10:40:12 AM  [main] 	Starting Check-Timer
10:40:12 AM  [main] 	Control Panel Ready
10:40:14 AM  [Apache] 	Attempting to start Apache app...
10:40:14 AM  [Apache] 	Status change detected: running
10:40:18 AM  [mysql] 	Attempting to start MySQL app...
10:40:19 AM  [mysql] 	Status change detected: running
10:48:49 AM  [Apache] 	Attempting to stop Apache (PID: 16392)
10:48:49 AM  [Apache] 	Attempting to stop Apache (PID: 16632)
10:48:50 AM  [mysql] 	Attempting to stop MySQL app...
10:48:50 AM  [Apache] 	Status change detected: stopped
10:48:51 AM  [mysql] 	Status change detected: stopped
11:09:05 AM  [main] 	Deinitializing Modules
11:09:05 AM  [main] 	Deinitializing Control Panel

6:14:18 PM  [main] 	Initializing Control Panel
6:14:18 PM  [main] 	Windows Version:  Enterprise  64-bit
6:14:19 PM  [main] 	XAMPP Version: 7.2.1
6:14:19 PM  [main] 	Control Panel Version: 3.2.2  [ Compiled: Nov 12th 2015 ]
6:14:19 PM  [main] 	You are not running with administrator rights! This will work for
6:14:19 PM  [main] 	most application stuff but whenever you do something with services
6:14:19 PM  [main] 	there will be a security dialogue or things will break! So think 
6:14:19 PM  [main] 	about running this application with administrator rights!
6:14:19 PM  [main] 	XAMPP Installation Directory: "e:\xampp\"
6:14:19 PM  [main] 	Checking for prerequisites
6:14:21 PM  [main] 	All prerequisites found
6:14:21 PM  [main] 	Initializing Modules
6:14:21 PM  [Apache] 	Problem detected!
6:14:21 PM  [Apache] 	Port 80 in use by "Unable to open process" with PID 4!
6:14:21 PM  [Apache] 	Apache WILL NOT start without the configured ports free!
6:14:21 PM  [Apache] 	You need to uninstall/disable/reconfigure the blocking application
6:14:21 PM  [Apache] 	or reconfigure Apache and the Control Panel to listen on a different port
6:14:21 PM  [main] 	The FileZilla module is disabled
6:14:21 PM  [main] 	The Mercury module is disabled
6:14:21 PM  [main] 	Starting Check-Timer
6:14:21 PM  [main] 	Control Panel Ready
6:14:32 PM  [Apache] 	Problem detected!
6:14:32 PM  [Apache] 	Port 80 in use by "Unable to open process" with PID 4!
6:14:32 PM  [Apache] 	Apache WILL NOT start without the configured ports free!
6:14:32 PM  [Apache] 	You need to uninstall/disable/reconfigure the blocking application
6:14:32 PM  [Apache] 	or reconfigure Apache and the Control Panel to listen on a different port
6:14:32 PM  [Apache] 	Attempting to start Apache app...
6:14:32 PM  [Apache] 	Status change detected: running
6:17:54 PM  [main] 	Deinitializing Modules
6:17:54 PM  [main] 	Deinitializing Control Panel

6:34:50 PM  [main] 	Initializing Control Panel
6:34:50 PM  [main] 	Windows Version:  Enterprise  64-bit
6:34:50 PM  [main] 	XAMPP Version: 7.2.1
6:34:50 PM  [main] 	Control Panel Version: 3.2.2  [ Compiled: Nov 12th 2015 ]
6:34:50 PM  [main] 	You are not running with administrator rights! This will work for
6:34:50 PM  [main] 	most application stuff but whenever you do something with services
6:34:50 PM  [main] 	there will be a security dialogue or things will break! So think 
6:34:50 PM  [main] 	about running this application with administrator rights!
6:34:50 PM  [main] 	XAMPP Installation Directory: "e:\xampp\"
6:34:50 PM  [main] 	Checking for prerequisites
6:34:51 PM  [main] 	All prerequisites found
6:34:51 PM  [main] 	Initializing Modules
6:34:51 PM  [Apache] 	Problem detected!
6:34:51 PM  [Apache] 	Port 80 in use by "Unable to open process" with PID 4!
6:34:51 PM  [Apache] 	Apache WILL NOT start without the configured ports free!
6:34:51 PM  [Apache] 	You need to uninstall/disable/reconfigure the blocking application
6:34:51 PM  [Apache] 	or reconfigure Apache and the Control Panel to listen on a different port
6:34:51 PM  [main] 	The FileZilla module is disabled
6:34:51 PM  [main] 	The Mercury module is disabled
6:34:51 PM  [main] 	Starting Check-Timer
6:34:51 PM  [main] 	Control Panel Ready
6:37:18 PM  [Apache] 	Problem detected!
6:37:18 PM  [Apache] 	Port 80 in use by "Unable to open process" with PID 4!
6:37:18 PM  [Apache] 	Apache WILL NOT start without the configured ports free!
6:37:18 PM  [Apache] 	You need to uninstall/disable/reconfigure the blocking application
6:37:18 PM  [Apache] 	or reconfigure Apache and the Control Panel to listen on a different port
6:37:18 PM  [Apache] 	Attempting to start Apache app...
6:37:18 PM  [Apache] 	Status change detected: running
6:37:52 PM  [mysql] 	Attempting to start MySQL app...
6:37:52 PM  [mysql] 	Status change detected: running
8:48:47 PM  [mysql] 	Attempting to stop MySQL app...
8:48:47 PM  [mysql] 	Status change detected: stopped
8:48:50 PM  [Apache] 	Attempting to stop Apache (PID: 3180)
8:48:50 PM  [Apache] 	Attempting to stop Apache (PID: 13052)
8:48:51 PM  [Apache] 	Status change detected: stopped
8:49:09 PM  [main] 	Deinitializing Modules
8:49:09 PM  [main] 	Deinitializing Control Panel

1:33:01 PM  [main] 	Initializing Control Panel
1:33:01 PM  [main] 	Windows Version:  Home  64-bit
1:33:01 PM  [main] 	XAMPP Version: 7.2.1
1:33:01 PM  [main] 	Control Panel Version: 3.2.2  [ Compiled: Nov 12th 2015 ]
1:33:01 PM  [main] 	You are not running with administrator rights! This will work for
1:33:01 PM  [main] 	most application stuff but whenever you do something with services
1:33:01 PM  [main] 	there will be a security dialogue or things will break! So think 
1:33:01 PM  [main] 	about running this application with administrator rights!
1:33:01 PM  [main] 	XAMPP Installation Directory: "d:\xampp\"
1:33:01 PM  [main] 	Checking for prerequisites
1:33:03 PM  [main] 	All prerequisites found
1:33:03 PM  [main] 	Initializing Modules
1:33:03 PM  [main] 	The FileZilla module is disabled
1:33:03 PM  [main] 	The Mercury module is disabled
1:33:03 PM  [main] 	Starting Check-Timer
1:33:03 PM  [main] 	Control Panel Ready
1:33:45 PM  [Apache] 	Attempting to start Apache app...
1:33:45 PM  [Apache] 	Status change detected: running
1:33:47 PM  [mysql] 	Attempting to start MySQL app...
1:33:53 PM  [mysql] 	Status change detected: running
2:48:43 PM  [Apache] 	Attempting to stop Apache (PID: 4520)
2:48:43 PM  [Apache] 	Attempting to stop Apache (PID: 2096)
2:48:43 PM  [Apache] 	Status change detected: stopped
2:48:44 PM  [mysql] 	Attempting to stop MySQL app...
2:48:46 PM  [mysql] 	Status change detected: stopped
3:29:14 PM  [main] 	Deinitializing Modules
3:29:14 PM  [main] 	Deinitializing Control Panel

8:53:21 PM  [main] 	Initializing Control Panel
8:53:21 PM  [main] 	Windows Version:  Enterprise  64-bit
8:53:21 PM  [main] 	XAMPP Version: 7.2.1
8:53:21 PM  [main] 	Control Panel Version: 3.2.2  [ Compiled: Nov 12th 2015 ]
8:53:21 PM  [main] 	You are not running with administrator rights! This will work for
8:53:21 PM  [main] 	most application stuff but whenever you do something with services
8:53:21 PM  [main] 	there will be a security dialogue or things will break! So think 
8:53:21 PM  [main] 	about running this application with administrator rights!
8:53:21 PM  [main] 	XAMPP Installation Directory: "e:\xampp\"
8:53:21 PM  [main] 	Checking for prerequisites
8:53:21 PM  [main] 	All prerequisites found
8:53:21 PM  [main] 	Initializing Modules
8:53:21 PM  [Apache] 	Problem detected!
8:53:21 PM  [Apache] 	Port 80 in use by "Unable to open process" with PID 4!
8:53:21 PM  [Apache] 	Apache WILL NOT start without the configured ports free!
8:53:21 PM  [Apache] 	You need to uninstall/disable/reconfigure the blocking application
8:53:21 PM  [Apache] 	or reconfigure Apache and the Control Panel to listen on a different port
8:53:21 PM  [filezilla] 	Problem detected: FileZilla Not Found!
8:53:21 PM  [filezilla] 	Disabling FileZilla buttons
8:53:21 PM  [filezilla] 	Run this program from your XAMPP root directory!
8:53:21 PM  [mercury] 	Problem detected: Mercury Not Found!
8:53:21 PM  [mercury] 	Disabling Mercury buttons
8:53:21 PM  [mercury] 	Run this program from your XAMPP root directory!
8:53:21 PM  [main] 	Starting Check-Timer
8:53:21 PM  [main] 	Control Panel Ready
8:53:23 PM  [Apache] 	Problem detected!
8:53:23 PM  [Apache] 	Port 80 in use by "Unable to open process" with PID 4!
8:53:23 PM  [Apache] 	Apache WILL NOT start without the configured ports free!
8:53:23 PM  [Apache] 	You need to uninstall/disable/reconfigure the blocking application
8:53:23 PM  [Apache] 	or reconfigure Apache and the Control Panel to listen on a different port
8:53:23 PM  [Apache] 	Attempting to start Apache app...
8:53:23 PM  [Apache] 	Status change detected: running
8:53:26 PM  [mysql] 	Attempting to start MySQL app...
8:53:27 PM  [mysql] 	Status change detected: running
8:54:31 PM  [Apache] 	Attempting to stop Apache (PID: 13268)
8:54:31 PM  [Apache] 	Attempting to stop Apache (PID: 13016)
8:54:31 PM  [Apache] 	Status change detected: stopped
8:54:31 PM  [mysql] 	Attempting to stop MySQL app...
8:54:31 PM  [mysql] 	Status change detected: stopped
8:54:37 PM  [main] 	Deinitializing Modules
8:54:37 PM  [main] 	Deinitializing Control Panel

3:52:02 PM  [main] 	Initializing Control Panel
3:52:02 PM  [main] 	Windows Version:  Home  64-bit
3:52:02 PM  [main] 	XAMPP Version: 7.2.1
3:52:02 PM  [main] 	Control Panel Version: 3.2.2  [ Compiled: Nov 12th 2015 ]
3:52:02 PM  [main] 	You are not running with administrator rights! This will work for
3:52:02 PM  [main] 	most application stuff but whenever you do something with services
3:52:02 PM  [main] 	there will be a security dialogue or things will break! So think 
3:52:02 PM  [main] 	about running this application with administrator rights!
3:52:02 PM  [main] 	XAMPP Installation Directory: "d:\xampp\"
3:52:02 PM  [main] 	Checking for prerequisites
3:52:05 PM  [main] 	All prerequisites found
3:52:05 PM  [main] 	Initializing Modules
3:52:05 PM  [filezilla] 	Problem detected: FileZilla Not Found!
3:52:05 PM  [filezilla] 	Disabling FileZilla buttons
3:52:05 PM  [filezilla] 	Run this program from your XAMPP root directory!
3:52:05 PM  [mercury] 	Problem detected: Mercury Not Found!
3:52:05 PM  [mercury] 	Disabling Mercury buttons
3:52:05 PM  [mercury] 	Run this program from your XAMPP root directory!
3:52:05 PM  [main] 	Starting Check-Timer
3:52:05 PM  [main] 	Control Panel Ready
3:53:30 PM  [Apache] 	Attempting to start Apache app...
3:53:31 PM  [Apache] 	Status change detected: running
3:53:33 PM  [mysql] 	Attempting to start MySQL app...
3:53:39 PM  [mysql] 	Status change detected: running
4:11:45 PM  [Apache] 	Attempting to stop Apache (PID: 9320)
4:11:45 PM  [Apache] 	Attempting to stop Apache (PID: 19748)
4:11:45 PM  [Apache] 	Status change detected: stopped
4:11:46 PM  [mysql] 	Attempting to stop MySQL app...
4:11:48 PM  [mysql] 	Status change detected: stopped
4:18:23 PM  [main] 	Deinitializing Modules
4:18:23 PM  [main] 	Deinitializing Control Panel

6:18:20 PM  [main] 	Initializing Control Panel
6:18:21 PM  [main] 	Windows Version:  Enterprise  64-bit
6:18:21 PM  [main] 	XAMPP Version: 7.2.1
6:18:21 PM  [main] 	Control Panel Version: 3.2.2  [ Compiled: Nov 12th 2015 ]
6:18:21 PM  [main] 	You are not running with administrator rights! This will work for
6:18:21 PM  [main] 	most application stuff but whenever you do something with services
6:18:21 PM  [main] 	there will be a security dialogue or things will break! So think 
6:18:21 PM  [main] 	about running this application with administrator rights!
6:18:21 PM  [main] 	XAMPP Installation Directory: "e:\xampp\"
6:18:21 PM  [main] 	Checking for prerequisites
6:18:23 PM  [main] 	All prerequisites found
6:18:23 PM  [main] 	Initializing Modules
6:18:23 PM  [Apache] 	Problem detected!
6:18:23 PM  [Apache] 	Port 80 in use by "Unable to open process" with PID 4!
6:18:23 PM  [Apache] 	Apache WILL NOT start without the configured ports free!
6:18:23 PM  [Apache] 	You need to uninstall/disable/reconfigure the blocking application
6:18:23 PM  [Apache] 	or reconfigure Apache and the Control Panel to listen on a different port
6:18:23 PM  [filezilla] 	Problem detected: FileZilla Not Found!
6:18:23 PM  [filezilla] 	Disabling FileZilla buttons
6:18:23 PM  [filezilla] 	Run this program from your XAMPP root directory!
6:18:23 PM  [mercury] 	Problem detected: Mercury Not Found!
6:18:23 PM  [mercury] 	Disabling Mercury buttons
6:18:23 PM  [mercury] 	Run this program from your XAMPP root directory!
6:18:23 PM  [main] 	Starting Check-Timer
6:18:23 PM  [main] 	Control Panel Ready
6:18:25 PM  [Apache] 	Problem detected!
6:18:25 PM  [Apache] 	Port 80 in use by "Unable to open process" with PID 4!
6:18:25 PM  [Apache] 	Apache WILL NOT start without the configured ports free!
6:18:25 PM  [Apache] 	You need to uninstall/disable/reconfigure the blocking application
6:18:25 PM  [Apache] 	or reconfigure Apache and the Control Panel to listen on a different port
6:18:25 PM  [Apache] 	Attempting to start Apache app...
6:18:25 PM  [Apache] 	Status change detected: running
6:18:27 PM  [mysql] 	Attempting to start MySQL app...
6:18:30 PM  [mysql] 	Status change detected: running
7:14:42 PM  [mysql] 	Attempting to stop MySQL app...
7:14:43 PM  [Apache] 	Attempting to stop Apache (PID: 11592)
7:14:43 PM  [Apache] 	Attempting to stop Apache (PID: 11904)
7:14:43 PM  [Apache] 	Status change detected: stopped
7:14:44 PM  [mysql] 	Status change detected: stopped
7:15:18 PM  [main] 	Deinitializing Modules
7:15:18 PM  [main] 	Deinitializing Control Panel

3:29:14 PM  [main] 	Initializing Control Panel
3:29:14 PM  [main] 	Windows Version:  Home  64-bit
3:29:14 PM  [main] 	XAMPP Version: 7.2.1
3:29:14 PM  [main] 	Control Panel Version: 3.2.2  [ Compiled: Nov 12th 2015 ]
3:29:14 PM  [main] 	You are not running with administrator rights! This will work for
3:29:14 PM  [main] 	most application stuff but whenever you do something with services
3:29:14 PM  [main] 	there will be a security dialogue or things will break! So think 
3:29:14 PM  [main] 	about running this application with administrator rights!
3:29:14 PM  [main] 	XAMPP Installation Directory: "d:\xampp\"
3:29:14 PM  [main] 	Checking for prerequisites
3:29:15 PM  [main] 	All prerequisites found
3:29:15 PM  [main] 	Initializing Modules
3:29:15 PM  [Apache] 	Problem detected!
3:29:15 PM  [Apache] 	Port 443 in use by "Unable to get info" with PID 10952!
3:29:15 PM  [Apache] 	Apache WILL NOT start without the configured ports free!
3:29:15 PM  [Apache] 	You need to uninstall/disable/reconfigure the blocking application
3:29:15 PM  [Apache] 	or reconfigure Apache and the Control Panel to listen on a different port
3:29:15 PM  [mysql] 	Problem detected!
3:29:15 PM  [mysql] 	Port 3306 in use by "Unable to get info"!
3:29:15 PM  [mysql] 	MySQL WILL NOT start without the configured ports free!
3:29:15 PM  [mysql] 	You need to uninstall/disable/reconfigure the blocking application
3:29:15 PM  [mysql] 	or reconfigure MySQL and the Control Panel to listen on a different port
3:29:15 PM  [filezilla] 	Problem detected: FileZilla Not Found!
3:29:15 PM  [filezilla] 	Disabling FileZilla buttons
3:29:15 PM  [filezilla] 	Run this program from your XAMPP root directory!
3:29:15 PM  [mercury] 	Problem detected: Mercury Not Found!
3:29:15 PM  [mercury] 	Disabling Mercury buttons
3:29:15 PM  [mercury] 	Run this program from your XAMPP root directory!
3:29:15 PM  [main] 	Starting Check-Timer
3:29:15 PM  [main] 	Control Panel Ready
3:29:20 PM  [Apache] 	Problem detected!
3:29:20 PM  [Apache] 	Port 443 in use by "Unable to get info" with PID 10952!
3:29:20 PM  [Apache] 	Apache WILL NOT start without the configured ports free!
3:29:20 PM  [Apache] 	You need to uninstall/disable/reconfigure the blocking application
3:29:20 PM  [Apache] 	or reconfigure Apache and the Control Panel to listen on a different port
3:29:20 PM  [Apache] 	Attempting to start Apache app...
3:29:20 PM  [Apache] 	Status change detected: running
3:29:27 PM  [Apache] 	Status change detected: stopped
3:29:27 PM  [Apache] 	Error: Apache shutdown unexpectedly.
3:29:27 PM  [Apache] 	This may be due to a blocked port, missing dependencies, 
3:29:27 PM  [Apache] 	improper privileges, a crash, or a shutdown by another method.
3:29:27 PM  [Apache] 	Press the Logs button to view error logs and check
3:29:27 PM  [Apache] 	the Windows Event Viewer for more clues
3:29:27 PM  [Apache] 	If you need more help, copy and post this
3:29:27 PM  [Apache] 	entire log window on the forums
3:29:35 PM  [Apache] 	Problem detected!
3:29:35 PM  [Apache] 	Port 443 in use by "Unable to get info" with PID 10952!
3:29:35 PM  [Apache] 	Apache WILL NOT start without the configured ports free!
3:29:35 PM  [Apache] 	You need to uninstall/disable/reconfigure the blocking application
3:29:36 PM  [Apache] 	or reconfigure Apache and the Control Panel to listen on a different port
3:29:36 PM  [Apache] 	Attempting to start Apache app...
3:29:36 PM  [Apache] 	Status change detected: running
3:29:37 PM  [Apache] 	Status change detected: stopped
3:29:37 PM  [Apache] 	Error: Apache shutdown unexpectedly.
3:29:37 PM  [Apache] 	This may be due to a blocked port, missing dependencies, 
3:29:37 PM  [Apache] 	improper privileges, a crash, or a shutdown by another method.
3:29:37 PM  [Apache] 	Press the Logs button to view error logs and check
3:29:37 PM  [Apache] 	the Windows Event Viewer for more clues
3:29:37 PM  [Apache] 	If you need more help, copy and post this
3:29:37 PM  [Apache] 	entire log window on the forums
3:29:38 PM  [mysql] 	Problem detected!
3:29:38 PM  [mysql] 	Port 3306 in use by "Unable to get info"!
3:29:38 PM  [mysql] 	MySQL WILL NOT start without the configured ports free!
3:29:38 PM  [mysql] 	You need to uninstall/disable/reconfigure the blocking application
3:29:38 PM  [mysql] 	or reconfigure MySQL and the Control Panel to listen on a different port
3:29:38 PM  [mysql] 	Attempting to start MySQL app...
3:29:41 PM  [mysql] 	Status change detected: running
3:29:44 PM  [Apache] 	Problem detected!
3:29:44 PM  [Apache] 	Port 443 in use by "Unable to get info" with PID 10952!
3:29:44 PM  [Apache] 	Apache WILL NOT start without the configured ports free!
3:29:44 PM  [Apache] 	You need to uninstall/disable/reconfigure the blocking application
3:29:44 PM  [Apache] 	or reconfigure Apache and the Control Panel to listen on a different port
3:29:44 PM  [Apache] 	Attempting to start Apache app...
3:29:44 PM  [Apache] 	Status change detected: running
3:29:48 PM  [Apache] 	Status change detected: stopped
3:29:48 PM  [Apache] 	Error: Apache shutdown unexpectedly.
3:29:48 PM  [Apache] 	This may be due to a blocked port, missing dependencies, 
3:29:48 PM  [Apache] 	improper privileges, a crash, or a shutdown by another method.
3:29:48 PM  [Apache] 	Press the Logs button to view error logs and check
3:29:48 PM  [Apache] 	the Windows Event Viewer for more clues
3:29:48 PM  [Apache] 	If you need more help, copy and post this
3:29:48 PM  [Apache] 	entire log window on the forums
3:29:52 PM  [mysql] 	Attempting to stop MySQL app...
3:29:56 PM  [mysql] 	Status change detected: stopped
3:30:49 PM  [Apache] 	Problem detected!
3:30:49 PM  [Apache] 	Port 443 in use by "Unable to get info" with PID 10952!
3:30:49 PM  [Apache] 	Apache WILL NOT start without the configured ports free!
3:30:49 PM  [Apache] 	You need to uninstall/disable/reconfigure the blocking application
3:30:49 PM  [Apache] 	or reconfigure Apache and the Control Panel to listen on a different port
3:30:49 PM  [Apache] 	Attempting to start Apache app...
3:30:49 PM  [Apache] 	Status change detected: running
3:30:50 PM  [Apache] 	Status change detected: stopped
3:30:50 PM  [Apache] 	Error: Apache shutdown unexpectedly.
3:30:50 PM  [Apache] 	This may be due to a blocked port, missing dependencies, 
3:30:50 PM  [Apache] 	improper privileges, a crash, or a shutdown by another method.
3:30:50 PM  [Apache] 	Press the Logs button to view error logs and check
3:30:50 PM  [Apache] 	the Windows Event Viewer for more clues
3:30:50 PM  [Apache] 	If you need more help, copy and post this
3:30:50 PM  [Apache] 	entire log window on the forums
3:31:00 PM  [main] 	Deinitializing Modules
3:31:00 PM  [main] 	Deinitializing Control Panel

1:46:26 PM  [main] 	Initializing Control Panel
1:46:26 PM  [main] 	Windows Version:  Home  64-bit
1:46:26 PM  [main] 	XAMPP Version: 7.2.1
1:46:26 PM  [main] 	Control Panel Version: 3.2.2  [ Compiled: Nov 12th 2015 ]
1:46:26 PM  [main] 	You are not running with administrator rights! This will work for
1:46:26 PM  [main] 	most application stuff but whenever you do something with services
1:46:26 PM  [main] 	there will be a security dialogue or things will break! So think 
1:46:26 PM  [main] 	about running this application with administrator rights!
1:46:26 PM  [main] 	XAMPP Installation Directory: "e:\databasesystems\xampp\"
1:46:26 PM  [main] 	Checking for prerequisites
1:46:29 PM  [main] 	All prerequisites found
1:46:29 PM  [main] 	Initializing Modules
1:46:29 PM  [filezilla] 	Problem detected: FileZilla Not Found!
1:46:29 PM  [filezilla] 	Disabling FileZilla buttons
1:46:29 PM  [filezilla] 	Run this program from your XAMPP root directory!
1:46:29 PM  [mercury] 	Problem detected: Mercury Not Found!
1:46:29 PM  [mercury] 	Disabling Mercury buttons
1:46:29 PM  [mercury] 	Run this program from your XAMPP root directory!
1:46:29 PM  [main] 	Starting Check-Timer
1:46:29 PM  [main] 	Control Panel Ready
1:46:37 PM  [Apache] 	Attempting to start Apache app...
1:46:37 PM  [Apache] 	Status change detected: running
1:46:38 PM  [Apache] 	Status change detected: stopped
1:46:38 PM  [Apache] 	Error: Apache shutdown unexpectedly.
1:46:38 PM  [Apache] 	This may be due to a blocked port, missing dependencies, 
1:46:38 PM  [Apache] 	improper privileges, a crash, or a shutdown by another method.
1:46:38 PM  [Apache] 	Press the Logs button to view error logs and check
1:46:38 PM  [Apache] 	the Windows Event Viewer for more clues
1:46:38 PM  [Apache] 	If you need more help, copy and post this
1:46:38 PM  [Apache] 	entire log window on the forums
1:46:38 PM  [mysql] 	Attempting to start MySQL app...
1:46:40 PM  [mysql] 	Status change detected: running
1:46:40 PM  [mysql] 	Status change detected: stopped
1:46:40 PM  [mysql] 	Error: MySQL shutdown unexpectedly.
1:46:40 PM  [mysql] 	This may be due to a blocked port, missing dependencies, 
1:46:40 PM  [mysql] 	improper privileges, a crash, or a shutdown by another method.
1:46:40 PM  [mysql] 	Press the Logs button to view error logs and check
1:46:40 PM  [mysql] 	the Windows Event Viewer for more clues
1:46:40 PM  [mysql] 	If you need more help, copy and post this
1:46:40 PM  [mysql] 	entire log window on the forums
1:49:57 PM  [Apache] 	Attempting to start Apache app...
1:49:57 PM  [Apache] 	Status change detected: running
1:49:58 PM  [Apache] 	Status change detected: stopped
1:49:58 PM  [Apache] 	Error: Apache shutdown unexpectedly.
1:49:58 PM  [Apache] 	This may be due to a blocked port, missing dependencies, 
1:49:58 PM  [Apache] 	improper privileges, a crash, or a shutdown by another method.
1:49:58 PM  [Apache] 	Press the Logs button to view error logs and check
1:49:58 PM  [Apache] 	the Windows Event Viewer for more clues
1:49:58 PM  [Apache] 	If you need more help, copy and post this
1:49:58 PM  [Apache] 	entire log window on the forums
1:50:02 PM  [Apache] 	Attempting to start Apache app...
1:50:03 PM  [Apache] 	Status change detected: running
1:50:03 PM  [Apache] 	Status change detected: stopped
1:50:03 PM  [Apache] 	Error: Apache shutdown unexpectedly.
1:50:03 PM  [Apache] 	This may be due to a blocked port, missing dependencies, 
1:50:03 PM  [Apache] 	improper privileges, a crash, or a shutdown by another method.
1:50:03 PM  [Apache] 	Press the Logs button to view error logs and check
1:50:03 PM  [Apache] 	the Windows Event Viewer for more clues
1:50:03 PM  [Apache] 	If you need more help, copy and post this
1:50:03 PM  [Apache] 	entire log window on the forums
1:50:05 PM  [Apache] 	Attempting to start Apache app...
1:50:05 PM  [Apache] 	Status change detected: running
1:50:06 PM  [Apache] 	Status change detected: stopped
1:50:06 PM  [Apache] 	Error: Apache shutdown unexpectedly.
1:50:06 PM  [Apache] 	This may be due to a blocked port, missing dependencies, 
1:50:06 PM  [Apache] 	improper privileges, a crash, or a shutdown by another method.
1:50:06 PM  [Apache] 	Press the Logs button to view error logs and check
1:50:06 PM  [Apache] 	the Windows Event Viewer for more clues
1:50:06 PM  [Apache] 	If you need more help, copy and post this
1:50:06 PM  [Apache] 	entire log window on the forums
1:52:33 PM  [main] 	Deinitializing Modules
1:52:33 PM  [main] 	Deinitializing Control Panel

