[Fri Oct 12 17:33:50.535576 2018] [ssl:warn] [pid 7988:tid 692] AH01909: www.example.com:443:0 server certificate does NOT include an ID which matches the server name
[Fri Oct 12 17:33:50.660590 2018] [ssl:warn] [pid 7988:tid 692] AH01909: www.example.com:443:0 server certificate does NOT include an ID which matches the server name
[Fri Oct 12 17:33:51.270007 2018] [mpm_winnt:notice] [pid 7988:tid 692] AH00455: Apache/2.4.29 (Win32) OpenSSL/1.1.0g PHP/7.2.1 configured -- resuming normal operations
[Fri Oct 12 17:33:51.270007 2018] [mpm_winnt:notice] [pid 7988:tid 692] AH00456: Apache Lounge VC15 Server built: Nov  3 2017 10:30:36
[Fri Oct 12 17:33:51.270007 2018] [core:notice] [pid 7988:tid 692] AH00094: Command line: 'd:\\xampp\\apache\\bin\\httpd.exe -d D:/xampp/apache'
[Fri Oct 12 17:33:51.270007 2018] [mpm_winnt:notice] [pid 7988:tid 692] AH00418: Parent: Created child process 4428
[Fri Oct 12 17:33:52.363906 2018] [ssl:warn] [pid 4428:tid 668] AH01909: www.example.com:443:0 server certificate does NOT include an ID which matches the server name
[Fri Oct 12 17:33:52.426481 2018] [ssl:warn] [pid 4428:tid 668] AH01909: www.example.com:443:0 server certificate does NOT include an ID which matches the server name
[Fri Oct 12 17:33:52.473389 2018] [mpm_winnt:notice] [pid 4428:tid 668] AH00354: Child: Starting 150 worker threads.
[Tue Nov 13 13:04:21.844245 2018] [ssl:warn] [pid 10024:tid 272] AH01909: www.example.com:443:0 server certificate does NOT include an ID which matches the server name
[Tue Nov 13 13:04:23.786245 2018] [core:warn] [pid 10024:tid 272] AH00098: pid file E:/xampp/apache/logs/httpd.pid overwritten -- Unclean shutdown of previous Apache run?
[Tue Nov 13 13:04:23.895245 2018] [ssl:warn] [pid 10024:tid 272] AH01909: www.example.com:443:0 server certificate does NOT include an ID which matches the server name
[Tue Nov 13 13:05:00.157245 2018] [ssl:warn] [pid 17424:tid 272] AH01909: www.example.com:443:0 server certificate does NOT include an ID which matches the server name
[Tue Nov 13 13:05:01.168245 2018] [core:warn] [pid 17424:tid 272] AH00098: pid file E:/xampp/apache/logs/httpd.pid overwritten -- Unclean shutdown of previous Apache run?
[Tue Nov 13 13:05:01.227245 2018] [ssl:warn] [pid 17424:tid 272] AH01909: www.example.com:443:0 server certificate does NOT include an ID which matches the server name
[Tue Nov 13 13:05:01.974245 2018] [mpm_winnt:notice] [pid 17424:tid 272] AH00455: Apache/2.4.29 (Win32) OpenSSL/1.1.0g PHP/7.2.1 configured -- resuming normal operations
[Tue Nov 13 13:05:01.974245 2018] [mpm_winnt:notice] [pid 17424:tid 272] AH00456: Apache Lounge VC15 Server built: Nov  3 2017 10:30:36
[Tue Nov 13 13:05:01.974245 2018] [core:notice] [pid 17424:tid 272] AH00094: Command line: 'e:\\xampp\\apache\\bin\\httpd.exe -d E:/xampp/apache'
[Tue Nov 13 13:05:01.989245 2018] [mpm_winnt:notice] [pid 17424:tid 272] AH00418: Parent: Created child process 7508
[Tue Nov 13 13:05:03.200245 2018] [ssl:warn] [pid 7508:tid 284] AH01909: www.example.com:443:0 server certificate does NOT include an ID which matches the server name
[Tue Nov 13 13:05:03.307245 2018] [ssl:warn] [pid 7508:tid 284] AH01909: www.example.com:443:0 server certificate does NOT include an ID which matches the server name
[Tue Nov 13 13:05:03.361245 2018] [mpm_winnt:notice] [pid 7508:tid 284] AH00354: Child: Starting 150 worker threads.
[Tue Nov 13 13:07:39.687245 2018] [ssl:warn] [pid 14764:tid 272] AH01909: www.example.com:443:0 server certificate does NOT include an ID which matches the server name
[Tue Nov 13 13:07:39.807245 2018] [core:warn] [pid 14764:tid 272] AH00098: pid file E:/xampp/apache/logs/httpd.pid overwritten -- Unclean shutdown of previous Apache run?
[Tue Nov 13 13:07:39.897245 2018] [ssl:warn] [pid 14764:tid 272] AH01909: www.example.com:443:0 server certificate does NOT include an ID which matches the server name
[Tue Nov 13 13:07:39.953245 2018] [mpm_winnt:notice] [pid 14764:tid 272] AH00455: Apache/2.4.29 (Win32) OpenSSL/1.1.0g PHP/7.2.1 configured -- resuming normal operations
[Tue Nov 13 13:07:39.953245 2018] [mpm_winnt:notice] [pid 14764:tid 272] AH00456: Apache Lounge VC15 Server built: Nov  3 2017 10:30:36
[Tue Nov 13 13:07:39.953245 2018] [core:notice] [pid 14764:tid 272] AH00094: Command line: 'e:\\xampp\\apache\\bin\\httpd.exe -d E:/xampp/apache'
[Tue Nov 13 13:07:39.968245 2018] [mpm_winnt:notice] [pid 14764:tid 272] AH00418: Parent: Created child process 11320
[Tue Nov 13 13:07:41.071245 2018] [ssl:warn] [pid 11320:tid 284] AH01909: www.example.com:443:0 server certificate does NOT include an ID which matches the server name
[Tue Nov 13 13:07:41.202245 2018] [ssl:warn] [pid 11320:tid 284] AH01909: www.example.com:443:0 server certificate does NOT include an ID which matches the server name
[Tue Nov 13 13:07:41.265245 2018] [mpm_winnt:notice] [pid 11320:tid 284] AH00354: Child: Starting 150 worker threads.
[Tue Nov 13 13:22:10.719245 2018] [ssl:warn] [pid 17964:tid 272] AH01909: www.example.com:443:0 server certificate does NOT include an ID which matches the server name
[Tue Nov 13 13:22:12.446245 2018] [core:warn] [pid 17964:tid 272] AH00098: pid file E:/xampp/apache/logs/httpd.pid overwritten -- Unclean shutdown of previous Apache run?
[Tue Nov 13 13:22:12.517245 2018] [ssl:warn] [pid 17964:tid 272] AH01909: www.example.com:443:0 server certificate does NOT include an ID which matches the server name
[Tue Nov 13 13:22:12.563245 2018] [mpm_winnt:notice] [pid 17964:tid 272] AH00455: Apache/2.4.29 (Win32) OpenSSL/1.1.0g PHP/7.2.1 configured -- resuming normal operations
[Tue Nov 13 13:22:12.563245 2018] [mpm_winnt:notice] [pid 17964:tid 272] AH00456: Apache Lounge VC15 Server built: Nov  3 2017 10:30:36
[Tue Nov 13 13:22:12.563245 2018] [core:notice] [pid 17964:tid 272] AH00094: Command line: 'e:\\xampp\\apache\\bin\\httpd.exe -d E:/xampp/apache'
[Tue Nov 13 13:22:12.577245 2018] [mpm_winnt:notice] [pid 17964:tid 272] AH00418: Parent: Created child process 16320
[Tue Nov 13 13:22:13.720245 2018] [ssl:warn] [pid 16320:tid 284] AH01909: www.example.com:443:0 server certificate does NOT include an ID which matches the server name
[Sat Jan 26 09:54:52.355409 2019] [ssl:warn] [pid 11160:tid 732] AH01909: www.example.com:443:0 server certificate does NOT include an ID which matches the server name
[Sat Jan 26 09:54:52.402313 2019] [core:warn] [pid 11160:tid 732] AH00098: pid file D:/xampp/apache/logs/httpd.pid overwritten -- Unclean shutdown of previous Apache run?
[Sat Jan 26 09:54:52.452667 2019] [ssl:warn] [pid 11160:tid 732] AH01909: www.example.com:443:0 server certificate does NOT include an ID which matches the server name
[Sat Jan 26 09:54:53.343184 2019] [mpm_winnt:notice] [pid 11160:tid 732] AH00455: Apache/2.4.29 (Win32) OpenSSL/1.1.0g PHP/7.2.1 configured -- resuming normal operations
[Sat Jan 26 09:54:53.343184 2019] [mpm_winnt:notice] [pid 11160:tid 732] AH00456: Apache Lounge VC15 Server built: Nov  3 2017 10:30:36
[Sat Jan 26 09:54:53.343184 2019] [core:notice] [pid 11160:tid 732] AH00094: Command line: 'd:\\xampp\\apache\\bin\\httpd.exe -d D:/xampp/apache'
[Sat Jan 26 09:54:53.343184 2019] [mpm_winnt:notice] [pid 11160:tid 732] AH00418: Parent: Created child process 11216
[Sat Jan 26 09:54:54.296335 2019] [ssl:warn] [pid 11216:tid 724] AH01909: www.example.com:443:0 server certificate does NOT include an ID which matches the server name
[Sat Jan 26 09:54:54.327595 2019] [ssl:warn] [pid 11216:tid 724] AH01909: www.example.com:443:0 server certificate does NOT include an ID which matches the server name
[Sat Jan 26 09:54:54.358847 2019] [mpm_winnt:notice] [pid 11216:tid 724] AH00354: Child: Starting 150 worker threads.
[Mon Feb 25 10:14:55.258201 2019] [ssl:warn] [pid 9772:tid 372] AH01909: www.example.com:443:0 server certificate does NOT include an ID which matches the server name
[Mon Feb 25 10:14:56.257101 2019] [core:warn] [pid 9772:tid 372] AH00098: pid file E:/xampp/apache/logs/httpd.pid overwritten -- Unclean shutdown of previous Apache run?
[Mon Feb 25 10:14:57.930259 2019] [ssl:warn] [pid 9772:tid 372] AH01909: www.example.com:443:0 server certificate does NOT include an ID which matches the server name
[Mon Feb 25 10:14:59.693317 2019] [mpm_winnt:notice] [pid 9772:tid 372] AH00455: Apache/2.4.29 (Win32) OpenSSL/1.1.0g PHP/7.2.1 configured -- resuming normal operations
[Mon Feb 25 10:14:59.693317 2019] [mpm_winnt:notice] [pid 9772:tid 372] AH00456: Apache Lounge VC15 Server built: Nov  3 2017 10:30:36
[Mon Feb 25 10:14:59.693317 2019] [core:notice] [pid 9772:tid 372] AH00094: Command line: 'e:\\xampp\\apache\\bin\\httpd.exe -d E:/xampp/apache'
[Mon Feb 25 10:14:59.718290 2019] [mpm_winnt:notice] [pid 9772:tid 372] AH00418: Parent: Created child process 12096
[Mon Feb 25 10:15:03.490136 2019] [ssl:warn] [pid 12096:tid 384] AH01909: www.example.com:443:0 server certificate does NOT include an ID which matches the server name
[Mon Feb 25 10:15:03.864724 2019] [ssl:warn] [pid 12096:tid 384] AH01909: www.example.com:443:0 server certificate does NOT include an ID which matches the server name
[Mon Feb 25 10:15:04.039531 2019] [mpm_winnt:notice] [pid 12096:tid 384] AH00354: Child: Starting 150 worker threads.
[Mon Feb 25 10:40:17.947086 2019] [ssl:warn] [pid 16392:tid 372] AH01909: www.example.com:443:0 server certificate does NOT include an ID which matches the server name
[Mon Feb 25 10:40:18.434086 2019] [core:warn] [pid 16392:tid 372] AH00098: pid file E:/xampp/apache/logs/httpd.pid overwritten -- Unclean shutdown of previous Apache run?
[Mon Feb 25 10:40:18.533086 2019] [ssl:warn] [pid 16392:tid 372] AH01909: www.example.com:443:0 server certificate does NOT include an ID which matches the server name
[Mon Feb 25 10:40:19.565086 2019] [mpm_winnt:notice] [pid 16392:tid 372] AH00455: Apache/2.4.29 (Win32) OpenSSL/1.1.0g PHP/7.2.1 configured -- resuming normal operations
[Mon Feb 25 10:40:19.565086 2019] [mpm_winnt:notice] [pid 16392:tid 372] AH00456: Apache Lounge VC15 Server built: Nov  3 2017 10:30:36
[Mon Feb 25 10:40:19.565086 2019] [core:notice] [pid 16392:tid 372] AH00094: Command line: 'e:\\xampp\\apache\\bin\\httpd.exe -d E:/xampp/apache'
[Mon Feb 25 10:40:19.819086 2019] [mpm_winnt:notice] [pid 16392:tid 372] AH00418: Parent: Created child process 16632
[Mon Feb 25 10:40:23.178086 2019] [ssl:warn] [pid 16632:tid 384] AH01909: www.example.com:443:0 server certificate does NOT include an ID which matches the server name
[Mon Feb 25 10:40:23.833086 2019] [ssl:warn] [pid 16632:tid 384] AH01909: www.example.com:443:0 server certificate does NOT include an ID which matches the server name
[Mon Feb 25 10:40:24.133086 2019] [mpm_winnt:notice] [pid 16632:tid 384] AH00354: Child: Starting 150 worker threads.
[Tue Mar 26 18:14:35.772491 2019] [ssl:warn] [pid 23312:tid 696] AH01909: www.example.com:443:0 server certificate does NOT include an ID which matches the server name
[Tue Mar 26 18:14:35.824352 2019] [core:warn] [pid 23312:tid 696] AH00098: pid file E:/xampp/apache/logs/httpd.pid overwritten -- Unclean shutdown of previous Apache run?
[Tue Mar 26 18:14:36.055815 2019] [ssl:warn] [pid 23312:tid 696] AH01909: www.example.com:443:0 server certificate does NOT include an ID which matches the server name
[Tue Mar 26 18:14:37.008018 2019] [mpm_winnt:notice] [pid 23312:tid 696] AH00455: Apache/2.4.29 (Win32) OpenSSL/1.1.0g PHP/7.2.1 configured -- resuming normal operations
[Tue Mar 26 18:14:37.009015 2019] [mpm_winnt:notice] [pid 23312:tid 696] AH00456: Apache Lounge VC15 Server built: Nov  3 2017 10:30:36
[Tue Mar 26 18:14:37.009015 2019] [core:notice] [pid 23312:tid 696] AH00094: Command line: 'e:\\xampp\\apache\\bin\\httpd.exe -d E:/xampp/apache'
[Tue Mar 26 18:14:37.023980 2019] [mpm_winnt:notice] [pid 23312:tid 696] AH00418: Parent: Created child process 18764
[Tue Mar 26 18:14:38.002207 2019] [ssl:warn] [pid 18764:tid 716] AH01909: www.example.com:443:0 server certificate does NOT include an ID which matches the server name
[Tue Mar 26 18:14:38.083982 2019] [ssl:warn] [pid 18764:tid 716] AH01909: www.example.com:443:0 server certificate does NOT include an ID which matches the server name
[Tue Mar 26 18:14:38.119889 2019] [mpm_winnt:notice] [pid 18764:tid 716] AH00354: Child: Starting 150 worker threads.
[Mon Nov 04 18:37:21.041532 2019] [ssl:warn] [pid 3180:tid 720] AH01909: www.example.com:443:0 server certificate does NOT include an ID which matches the server name
[Mon Nov 04 18:37:22.488218 2019] [core:warn] [pid 3180:tid 720] AH00098: pid file E:/xampp/apache/logs/httpd.pid overwritten -- Unclean shutdown of previous Apache run?
[Mon Nov 04 18:37:22.515759 2019] [ssl:warn] [pid 3180:tid 720] AH01909: www.example.com:443:0 server certificate does NOT include an ID which matches the server name
[Mon Nov 04 18:37:25.257144 2019] [mpm_winnt:notice] [pid 3180:tid 720] AH00455: Apache/2.4.29 (Win32) OpenSSL/1.1.0g PHP/7.2.1 configured -- resuming normal operations
[Mon Nov 04 18:37:25.257144 2019] [mpm_winnt:notice] [pid 3180:tid 720] AH00456: Apache Lounge VC15 Server built: Nov  3 2017 10:30:36
[Mon Nov 04 18:37:25.257144 2019] [core:notice] [pid 3180:tid 720] AH00094: Command line: 'e:\\xampp\\apache\\bin\\httpd.exe -d E:/xampp/apache'
[Mon Nov 04 18:37:25.267956 2019] [mpm_winnt:notice] [pid 3180:tid 720] AH00418: Parent: Created child process 13052
[Mon Nov 04 18:37:26.710750 2019] [ssl:warn] [pid 13052:tid 736] AH01909: www.example.com:443:0 server certificate does NOT include an ID which matches the server name
[Mon Nov 04 18:37:26.836575 2019] [ssl:warn] [pid 13052:tid 736] AH01909: www.example.com:443:0 server certificate does NOT include an ID which matches the server name
[Mon Nov 04 18:37:26.885478 2019] [mpm_winnt:notice] [pid 13052:tid 736] AH00354: Child: Starting 150 worker threads.
[Sun Nov 10 13:33:53.420089 2019] [ssl:warn] [pid 4520:tid 768] AH01909: www.example.com:443:0 server certificate does NOT include an ID which matches the server name
[Sun Nov 10 13:33:56.138199 2019] [core:warn] [pid 4520:tid 768] AH00098: pid file D:/xampp/apache/logs/httpd.pid overwritten -- Unclean shutdown of previous Apache run?
[Sun Nov 10 13:33:58.872955 2019] [ssl:warn] [pid 4520:tid 768] AH01909: www.example.com:443:0 server certificate does NOT include an ID which matches the server name
[Sun Nov 10 13:34:12.950060 2019] [mpm_winnt:notice] [pid 4520:tid 768] AH00455: Apache/2.4.29 (Win32) OpenSSL/1.1.0g PHP/7.2.1 configured -- resuming normal operations
[Sun Nov 10 13:34:12.950060 2019] [mpm_winnt:notice] [pid 4520:tid 768] AH00456: Apache Lounge VC15 Server built: Nov  3 2017 10:30:36
[Sun Nov 10 13:34:12.950060 2019] [core:notice] [pid 4520:tid 768] AH00094: Command line: 'd:\\xampp\\apache\\bin\\httpd.exe -d D:/xampp/apache'
[Sun Nov 10 13:34:12.981301 2019] [mpm_winnt:notice] [pid 4520:tid 768] AH00418: Parent: Created child process 2096
[Sun Nov 10 13:34:16.987638 2019] [ssl:warn] [pid 2096:tid 652] AH01909: www.example.com:443:0 server certificate does NOT include an ID which matches the server name
[Sun Nov 10 13:34:17.050124 2019] [ssl:warn] [pid 2096:tid 652] AH01909: www.example.com:443:0 server certificate does NOT include an ID which matches the server name
[Sun Nov 10 13:34:17.096988 2019] [mpm_winnt:notice] [pid 2096:tid 652] AH00354: Child: Starting 150 worker threads.
[Mon Nov 11 20:26:42.634710 2019] [ssl:warn] [pid 9868:tid 776] AH01909: www.example.com:443:0 server certificate does NOT include an ID which matches the server name
[Mon Nov 11 20:26:44.196490 2019] [core:warn] [pid 9868:tid 776] AH00098: pid file E:/xampp/apache/logs/httpd.pid overwritten -- Unclean shutdown of previous Apache run?
[Mon Nov 11 20:26:47.075319 2019] [ssl:warn] [pid 9868:tid 776] AH01909: www.example.com:443:0 server certificate does NOT include an ID which matches the server name
[Mon Nov 11 20:26:55.527004 2019] [mpm_winnt:notice] [pid 9868:tid 776] AH00455: Apache/2.4.29 (Win32) OpenSSL/1.1.0g PHP/7.2.1 configured -- resuming normal operations
[Mon Nov 11 20:26:55.527004 2019] [mpm_winnt:notice] [pid 9868:tid 776] AH00456: Apache Lounge VC15 Server built: Nov  3 2017 10:30:36
[Mon Nov 11 20:26:55.527004 2019] [core:notice] [pid 9868:tid 776] AH00094: Command line: 'e:\\xampp\\apache\\bin\\httpd.exe -d E:/xampp/apache'
[Mon Nov 11 20:26:55.538002 2019] [mpm_winnt:notice] [pid 9868:tid 776] AH00418: Parent: Created child process 6840
[Mon Nov 11 20:27:01.207652 2019] [ssl:warn] [pid 6840:tid 748] AH01909: www.example.com:443:0 server certificate does NOT include an ID which matches the server name
[Mon Nov 11 20:27:05.295195 2019] [ssl:warn] [pid 6840:tid 748] AH01909: www.example.com:443:0 server certificate does NOT include an ID which matches the server name
[Mon Nov 11 20:27:05.325113 2019] [mpm_winnt:notice] [pid 6840:tid 748] AH00354: Child: Starting 150 worker threads.
[Mon Nov 11 20:53:25.330554 2019] [ssl:warn] [pid 13268:tid 776] AH01909: www.example.com:443:0 server certificate does NOT include an ID which matches the server name
[Mon Nov 11 20:53:26.746195 2019] [core:warn] [pid 13268:tid 776] AH00098: pid file E:/xampp/apache/logs/httpd.pid overwritten -- Unclean shutdown of previous Apache run?
[Mon Nov 11 20:53:26.777453 2019] [ssl:warn] [pid 13268:tid 776] AH01909: www.example.com:443:0 server certificate does NOT include an ID which matches the server name
[Mon Nov 11 20:53:32.531407 2019] [mpm_winnt:notice] [pid 13268:tid 776] AH00455: Apache/2.4.29 (Win32) OpenSSL/1.1.0g PHP/7.2.1 configured -- resuming normal operations
[Mon Nov 11 20:53:32.531407 2019] [mpm_winnt:notice] [pid 13268:tid 776] AH00456: Apache Lounge VC15 Server built: Nov  3 2017 10:30:36
[Mon Nov 11 20:53:32.531407 2019] [core:notice] [pid 13268:tid 776] AH00094: Command line: 'e:\\xampp\\apache\\bin\\httpd.exe -d E:/xampp/apache'
[Mon Nov 11 20:53:32.550353 2019] [mpm_winnt:notice] [pid 13268:tid 776] AH00418: Parent: Created child process 13016
[Mon Nov 11 20:53:37.049262 2019] [ssl:warn] [pid 13016:tid 744] AH01909: www.example.com:443:0 server certificate does NOT include an ID which matches the server name
[Mon Nov 11 20:53:37.166928 2019] [ssl:warn] [pid 13016:tid 744] AH01909: www.example.com:443:0 server certificate does NOT include an ID which matches the server name
[Mon Nov 11 20:53:37.197836 2019] [mpm_winnt:notice] [pid 13016:tid 744] AH00354: Child: Starting 150 worker threads.
[Sun Dec 08 15:53:39.280933 2019] [ssl:warn] [pid 9320:tid 696] AH01909: www.example.com:443:0 server certificate does NOT include an ID which matches the server name
[Sun Dec 08 15:53:43.363385 2019] [core:warn] [pid 9320:tid 696] AH00098: pid file D:/xampp/apache/logs/httpd.pid overwritten -- Unclean shutdown of previous Apache run?
[Sun Dec 08 15:53:46.122998 2019] [ssl:warn] [pid 9320:tid 696] AH01909: www.example.com:443:0 server certificate does NOT include an ID which matches the server name
[Sun Dec 08 15:54:01.781696 2019] [mpm_winnt:notice] [pid 9320:tid 696] AH00455: Apache/2.4.29 (Win32) OpenSSL/1.1.0g PHP/7.2.1 configured -- resuming normal operations
[Sun Dec 08 15:54:01.781696 2019] [mpm_winnt:notice] [pid 9320:tid 696] AH00456: Apache Lounge VC15 Server built: Nov  3 2017 10:30:36
[Sun Dec 08 15:54:01.781696 2019] [core:notice] [pid 9320:tid 696] AH00094: Command line: 'd:\\xampp\\apache\\bin\\httpd.exe -d D:/xampp/apache'
[Sun Dec 08 15:54:01.791668 2019] [mpm_winnt:notice] [pid 9320:tid 696] AH00418: Parent: Created child process 19748
[Sun Dec 08 15:54:06.198676 2019] [ssl:warn] [pid 19748:tid 684] AH01909: www.example.com:443:0 server certificate does NOT include an ID which matches the server name
[Sun Dec 08 15:54:06.282451 2019] [ssl:warn] [pid 19748:tid 684] AH01909: www.example.com:443:0 server certificate does NOT include an ID which matches the server name
[Sun Dec 08 15:54:06.327336 2019] [mpm_winnt:notice] [pid 19748:tid 684] AH00354: Child: Starting 150 worker threads.
[Mon Dec 09 18:18:45.825126 2019] [ssl:warn] [pid 11592:tid 752] AH01909: www.example.com:443:0 server certificate does NOT include an ID which matches the server name
[Mon Dec 09 18:18:48.552244 2019] [core:warn] [pid 11592:tid 752] AH00098: pid file E:/xampp/apache/logs/httpd.pid overwritten -- Unclean shutdown of previous Apache run?
[Mon Dec 09 18:18:51.268351 2019] [ssl:warn] [pid 11592:tid 752] AH01909: www.example.com:443:0 server certificate does NOT include an ID which matches the server name
[Mon Dec 09 18:19:10.857959 2019] [mpm_winnt:notice] [pid 11592:tid 752] AH00455: Apache/2.4.29 (Win32) OpenSSL/1.1.0g PHP/7.2.1 configured -- resuming normal operations
[Mon Dec 09 18:19:10.857959 2019] [mpm_winnt:notice] [pid 11592:tid 752] AH00456: Apache Lounge VC15 Server built: Nov  3 2017 10:30:36
[Mon Dec 09 18:19:10.857959 2019] [core:notice] [pid 11592:tid 752] AH00094: Command line: 'e:\\xampp\\apache\\bin\\httpd.exe -d E:/xampp/apache'
[Mon Dec 09 18:19:10.878422 2019] [mpm_winnt:notice] [pid 11592:tid 752] AH00418: Parent: Created child process 11904
[Mon Dec 09 18:19:16.549216 2019] [ssl:warn] [pid 11904:tid 272] AH01909: www.example.com:443:0 server certificate does NOT include an ID which matches the server name
[Mon Dec 09 18:19:23.247194 2019] [ssl:warn] [pid 11904:tid 272] AH01909: www.example.com:443:0 server certificate does NOT include an ID which matches the server name
[Mon Dec 09 18:19:23.296297 2019] [mpm_winnt:notice] [pid 11904:tid 272] AH00354: Child: Starting 150 worker threads.
[Tue Sep 22 13:53:01.773844 2020] [ssl:warn] [pid 13968:tid 624] AH01909: www.example.com:443:0 server certificate does NOT include an ID which matches the server name
[Tue Sep 22 13:53:01.834959 2020] [core:warn] [pid 13968:tid 624] AH00098: pid file E:/xampp/apache/logs/httpd.pid overwritten -- Unclean shutdown of previous Apache run?
[Tue Sep 22 13:53:01.861294 2020] [ssl:warn] [pid 13968:tid 624] AH01909: www.example.com:443:0 server certificate does NOT include an ID which matches the server name
[Tue Sep 22 13:53:02.282783 2020] [mpm_winnt:notice] [pid 13968:tid 624] AH00455: Apache/2.4.29 (Win32) OpenSSL/1.1.0g PHP/7.2.1 configured -- resuming normal operations
[Tue Sep 22 13:53:02.282783 2020] [mpm_winnt:notice] [pid 13968:tid 624] AH00456: Apache Lounge VC15 Server built: Nov  3 2017 10:30:36
[Tue Sep 22 13:53:02.282783 2020] [core:notice] [pid 13968:tid 624] AH00094: Command line: 'e:\\xampp\\apache\\bin\\httpd.exe -d E:/xampp/apache'
[Tue Sep 22 13:53:02.289762 2020] [mpm_winnt:notice] [pid 13968:tid 624] AH00418: Parent: Created child process 4012
[Tue Sep 22 13:53:03.148917 2020] [ssl:warn] [pid 4012:tid 700] AH01909: www.example.com:443:0 server certificate does NOT include an ID which matches the server name
[Tue Sep 22 13:53:03.195378 2020] [ssl:warn] [pid 4012:tid 700] AH01909: www.example.com:443:0 server certificate does NOT include an ID which matches the server name
[Tue Sep 22 13:53:03.226621 2020] [mpm_winnt:notice] [pid 4012:tid 700] AH00354: Child: Starting 150 worker threads.
