[13/Nov/2018:13:05:28 -0500] ::1 TLSv1.2 ECDHE-RSA-AES256-GCM-SHA384 "GET / HTTP/1.1" -
[13/Nov/2018:13:05:28 -0500] ::1 TLSv1.2 ECDHE-RSA-AES256-GCM-SHA384 "GET /dashboard/ HTTP/1.1" 7576
[13/Nov/2018:13:05:28 -0500] ::1 TLSv1.2 ECDHE-RSA-AES256-GCM-SHA384 "GET /dashboard/stylesheets/normalize.css HTTP/1.1" 6876
[13/Nov/2018:13:05:28 -0500] ::1 TLSv1.2 ECDHE-RSA-AES256-GCM-SHA384 "GET /dashboard/images/bitnami-xampp.png HTTP/1.1" 22133
[13/Nov/2018:13:05:28 -0500] ::1 TLSv1.2 ECDHE-RSA-AES256-GCM-SHA384 "GET /dashboard/images/xampp-logo.svg HTTP/1.1" 5427
[13/Nov/2018:13:05:28 -0500] ::1 TLSv1.2 ECDHE-RSA-AES256-GCM-SHA384 "GET /dashboard/javascripts/modernizr.js HTTP/1.1" 51365
[13/Nov/2018:13:05:28 -0500] ::1 TLSv1.2 ECDHE-RSA-AES256-GCM-SHA384 "GET /dashboard/images/fastly-logo.png HTTP/1.1" 1770
[13/Nov/2018:13:05:28 -0500] ::1 TLSv1.2 ECDHE-RSA-AES256-GCM-SHA384 "GET /dashboard/stylesheets/all.css HTTP/1.1" 481698
[13/Nov/2018:13:05:28 -0500] ::1 TLSv1.2 ECDHE-RSA-AES256-GCM-SHA384 "GET /dashboard/javascripts/all.js HTTP/1.1" 189003
[13/Nov/2018:13:05:28 -0500] ::1 TLSv1.2 ECDHE-RSA-AES256-GCM-SHA384 "GET /dashboard/images/social-icons.png HTTP/1.1" 3361
[13/Nov/2018:13:05:28 -0500] ::1 TLSv1.2 ECDHE-RSA-AES256-GCM-SHA384 "GET /dashboard/images/favicon.png HTTP/1.1" 2508
[13/Nov/2018:13:22:26 -0500] ::1 - - "GET / HTTP/1.0" 980
[13/Nov/2018:13:22:27 -0500] ::1 - - "GET / HTTP/1.0" 980
[13/Nov/2018:13:22:42 -0500] ::1 TLSv1.2 ECDHE-RSA-AES256-GCM-SHA384 "GET / HTTP/1.1" -
[13/Nov/2018:13:22:42 -0500] ::1 TLSv1.2 ECDHE-RSA-AES256-GCM-SHA384 "GET /dashboard/ HTTP/1.1" 7576
[13/Nov/2018:13:22:42 -0500] ::1 TLSv1.2 ECDHE-RSA-AES256-GCM-SHA384 "GET /dashboard/stylesheets/normalize.css HTTP/1.1" 6876
[13/Nov/2018:13:22:42 -0500] ::1 TLSv1.2 ECDHE-RSA-AES256-GCM-SHA384 "GET /dashboard/images/bitnami-xampp.png HTTP/1.1" 22133
[13/Nov/2018:13:22:42 -0500] ::1 TLSv1.2 ECDHE-RSA-AES256-GCM-SHA384 "GET /dashboard/javascripts/modernizr.js HTTP/1.1" 51365
[13/Nov/2018:13:22:42 -0500] ::1 TLSv1.2 ECDHE-RSA-AES256-GCM-SHA384 "GET /dashboard/images/xampp-logo.svg HTTP/1.1" 5427
[13/Nov/2018:13:22:42 -0500] ::1 TLSv1.2 ECDHE-RSA-AES256-GCM-SHA384 "GET /dashboard/stylesheets/all.css HTTP/1.1" 481698
[13/Nov/2018:13:22:42 -0500] ::1 TLSv1.2 ECDHE-RSA-AES256-GCM-SHA384 "GET /dashboard/javascripts/all.js HTTP/1.1" 189003
[13/Nov/2018:13:22:42 -0500] ::1 TLSv1.2 ECDHE-RSA-AES256-GCM-SHA384 "GET /dashboard/images/fastly-logo.png HTTP/1.1" 1770
[13/Nov/2018:13:22:42 -0500] ::1 TLSv1.2 ECDHE-RSA-AES256-GCM-SHA384 "GET /dashboard/images/social-icons.png HTTP/1.1" 3361
[13/Nov/2018:13:24:05 -0500] ::1 TLSv1.2 ECDHE-RSA-AES256-GCM-SHA384 "GET /jqueryajax/ajaxxm1.html HTTP/1.1" 1067
[13/Nov/2018:13:24:05 -0500] ::1 TLSv1.2 ECDHE-RSA-AES256-GCM-SHA384 "GET /favicon.ico HTTP/1.1" 30894
[13/Nov/2018:13:24:16 -0500] ::1 TLSv1.2 ECDHE-RSA-AES256-GCM-SHA384 "GET /jqueryajax/ajaxxm2.html HTTP/1.1" 1047
